   MainThread:10:45:08.968 gui_framework.py                          198 INFO     | Starting GUI
   MainThread:10:46:00.442 live_stream.py                            145 INFO     | Connecting to BLE...
         data:10:46:00.443 bleak_wrapper.py                          151 INFO     | Scanning for GoPro [A-Z0-9]{4} bluetooth devices...
         data:10:46:05.841 bleak_wrapper.py                          178 INFO     | 	Discovered: GoPro 2134
         data:10:46:05.843 bleak_wrapper.py                          184 INFO     | Found 1 matching devices.
ThreadPoolExecutor-0_0:10:46:05.844 client.py                                 106 INFO     | Establishing the BLE connection
         data:10:46:05.846 bleak_wrapper.py                          227 INFO     | Establishing BLE connection to E0:E8:98:AD:56:88: GoPro 2134...
         data:10:46:05.870 client.py                                 299 WARNING  | Failed to cancel connection (/org/bluez/hci0/dev_E0_E8_98_AD_56_88): 'NoneType' object has no attribute 'call'
ThreadPoolExecutor-0_0:10:46:05.873 bleak_wrapper.py                          267 WARNING  | Connection failed during establishment..
ThreadPoolExecutor-0_0:10:46:05.874 client.py                                 112 WARNING  | Failed to connect. Retrying #1
         data:10:46:05.876 bleak_wrapper.py                          227 INFO     | Establishing BLE connection to E0:E8:98:AD:56:88: GoPro 2134...
         data:10:46:08.537 bleak_wrapper.py                          342 INFO     | Discovering characteristics...
         data:10:46:09.698 bleak_wrapper.py                          388 INFO     | Done discovering characteristics!
         data:10:46:09.699 bleak_wrapper.py                          302 INFO     | Enabling notifications...
         data:10:46:11.092 bleak_wrapper.py                          308 INFO     | Done enabling notifications
ThreadPoolExecutor-0_0:10:46:11.094 builders.py                                89 INFO     | 

<<<<<<<<--------------
	register_value_update : StatusId.ENCODING
<<<<<<<<--------------

ThreadPoolExecutor-0_0:10:46:11.096 gopro.py                                  680 DEBUG    | Writing to [Query] UUID: 02:53:0a
         data:10:46:11.227 gopro.py                                  587 DEBUG    | Received response on BleUUID [Query Response]: 05:53:00:0a:01:00
ThreadPoolExecutor-0_0:10:46:11.228 builders.py                                91 INFO     | 

-------------->>>>>>>>
    "status": "SUCCESS",
    "id": "Query Response::QueryCmdId.REG_STATUS_VAL_UPDATE",
    "StatusId.ENCODING": false
-------------->>>>>>>>

ThreadPoolExecutor-0_0:10:46:11.230 builders.py                                89 INFO     | 

<<<<<<<<--------------
	register_value_update : StatusId.SYSTEM_READY
<<<<<<<<--------------

ThreadPoolExecutor-0_0:10:46:11.232 gopro.py                                  680 DEBUG    | Writing to [Query] UUID: 02:53:52
         data:10:46:11.318 gopro.py                                  587 DEBUG    | Received response on BleUUID [Query Response]: 05:53:00:52:01:01
ThreadPoolExecutor-0_0:10:46:11.318 builders.py                                91 INFO     | 

-------------->>>>>>>>
    "status": "SUCCESS",
    "id": "Query Response::QueryCmdId.REG_STATUS_VAL_UPDATE",
    "StatusId.SYSTEM_READY": true
-------------->>>>>>>>

   keep_alive:10:46:11.320 builders.py                               565 INFO     | 

<<<<<<<<--------------
	Set LED : "LED.BLE_KEEP_ALIVE"
<<<<<<<<--------------

ThreadPoolExecutor-0_0:10:46:11.320 gopro.py                                  535 INFO     | BLE is ready!
   keep_alive:10:46:11.321 gopro.py                                  680 DEBUG    | Writing to [Settings] UUID: 03:5b:01:42
ThreadPoolExecutor-0_0:10:46:11.322 builders.py                               321 INFO     | 

<<<<<<<<--------------
	GET_THIRD_PARTY_API_VERSION
<<<<<<<<--------------

         data:10:46:11.407 gopro.py                                  587 DEBUG    | Received response on BleUUID [Settings Response]: 02:5b:00
   keep_alive:10:46:11.408 builders.py                               577 INFO     | 

-------------->>>>>>>>
    "status": "SUCCESS",
    "id": "Settings Response::SettingId.LED"
-------------->>>>>>>>

ThreadPoolExecutor-0_0:10:46:11.408 gopro.py                                  680 DEBUG    | Writing to [Command] UUID: 01:51
         data:10:46:11.498 gopro.py                                  587 DEBUG    | Received response on BleUUID [Command Response]: 06:51:00:01:02:01:00
ThreadPoolExecutor-0_0:10:46:11.498 builders.py                               328 INFO     | 

-------------->>>>>>>>
    "status": "SUCCESS",
    "id": "Command Response::CmdId.GET_THIRD_PARTY_API_VERSION",
    "major": 2,
    "minor": 0
-------------->>>>>>>>

ThreadPoolExecutor-0_0:10:46:11.501 gopro.py                                  370 INFO     | Using Open GoPro API version 2.0
ThreadPoolExecutor-0_0:10:46:11.502 gopro.py                                  377 INFO     | Turning off the camera's Wifi radio
ThreadPoolExecutor-0_0:10:46:11.504 builders.py                               357 INFO     | 

<<<<<<<<--------------
	SET_WIFI : "False"
<<<<<<<<--------------

ThreadPoolExecutor-0_0:10:46:11.506 gopro.py                                  680 DEBUG    | Writing to [Command] UUID: 03:17:01:00
         data:10:46:11.587 gopro.py                                  587 DEBUG    | Received response on BleUUID [Command Response]: 02:17:00
ThreadPoolExecutor-0_0:10:46:11.588 builders.py                               369 INFO     | 

-------------->>>>>>>>
    "status": "SUCCESS",
    "id": "Command Response::CmdId.SET_WIFI"
-------------->>>>>>>>

ThreadPoolExecutor-0_0:10:46:11.591 builders.py                               357 INFO     | 

<<<<<<<<--------------
	SET_SHUTTER : "Shutter.OFF"
<<<<<<<<--------------

ThreadPoolExecutor-0_0:10:46:11.592 gopro.py                                  680 DEBUG    | Writing to [Command] UUID: 03:01:01:00
         data:10:46:11.722 gopro.py                                  587 DEBUG    | Received response on BleUUID [Command Response]: 02:01:02
         data:10:46:11.723 gopro.py                                  587 DEBUG    | Received response on BleUUID [Query Response]: 08:93:00:0a:01:00:52:01:01
ThreadPoolExecutor-0_0:10:46:11.723 gopro.py                                  692 WARNING  | Received non-success status: ErrorCode.INVALID_PARAM
         data:10:46:11.723 gopro.py                                  612 INFO     | 

----ASYNC----->>>>>>>>
    "status": "SUCCESS",
    "id": "Query Response::QueryCmdId.STATUS_VAL_PUSH",
    "StatusId.ENCODING": false,
    "StatusId.SYSTEM_READY": true
----ASYNC----->>>>>>>>

ThreadPoolExecutor-0_0:10:46:11.725 builders.py                               369 INFO     | 

-------------->>>>>>>>
    "status": "INVALID_PARAM",
    "id": "Command Response::CmdId.SET_SHUTTER"
-------------->>>>>>>>

ThreadPoolExecutor-0_0:10:46:11.729 builders.py                               508 INFO     | 

<<<<<<<<--------------
	REQUEST_WIFI_CONNECT:
		"ssid" : "GP26182134"
		"password" : "Jsf-4!Y-7@G"
<<<<<<<<--------------

ThreadPoolExecutor-0_0:10:46:11.732 gopro.py                                  680 DEBUG    | Writing to [Camera Management] UUID: 1b:02:05:0a:0a:47:50:32:36:31:38:32:31:33:34:12:0b:4a:73:66
ThreadPoolExecutor-0_0:10:46:11.812 gopro.py                                  680 DEBUG    | Writing to [Camera Management] UUID: 80:2d:34:21:59:2d:37:40:47
ThreadPoolExecutor-0_0:10:46:16.902 gopro.py                                  687 ERROR    | Response timeout of 5 seconds!
